2023-09-29 15:15:56,192:DEBUG:ImageConvert:C:\Users\YEZHIK\Downloads\Dover Production LOGO APP (3)\Dover Production LOGO APP\logo_print_main\LOGO Generator\0-APLAB.bmp
2023-09-29 15:15:56,214:DEBUG:ImageConvert:height: 120 Width: 384
2023-09-29 15:15:56,237:DEBUG:ImageConvert:Image Buffer Length 5760
2023-09-29 15:15:56,264:DEBUG:ImageConvert:C:\Users\YEZHIK\Downloads\Dover Production LOGO APP (3)\Dover Production LOGO APP\logo_print_main\LOGO Generator\1-BPCL Logo.bmp
2023-09-29 15:15:56,265:DEBUG:ImageConvert:height: 208 Width: 384
2023-09-29 15:15:56,300:DEBUG:ImageConvert:Image Buffer Length 9984
2023-09-29 15:15:56,353:DEBUG:ImageConvert:C:\Users\YEZHIK\Downloads\Dover Production LOGO APP (3)\Dover Production LOGO APP\logo_print_main\LOGO Generator\2-HPCL Logo.bmp
2023-09-29 15:15:56,354:DEBUG:ImageConvert:height: 216 Width: 384
2023-09-29 15:15:56,390:DEBUG:ImageConvert:Image Buffer Length 10368
2023-09-29 15:15:56,441:DEBUG:ImageConvert:C:\Users\YEZHIK\Downloads\Dover Production LOGO APP (3)\Dover Production LOGO APP\logo_print_main\LOGO Generator\3-IOCL Logo.bmp
2023-09-29 15:15:56,442:DEBUG:ImageConvert:height: 208 Width: 384
2023-09-29 15:15:56,477:DEBUG:ImageConvert:Image Buffer Length 9984
2023-09-29 15:15:56,525:DEBUG:ImageConvert:C:\Users\YEZHIK\Downloads\Dover Production LOGO APP (3)\Dover Production LOGO APP\logo_print_main\LOGO Generator\4-Shell logo.bmp
2023-09-29 15:15:56,526:DEBUG:ImageConvert:height: 152 Width: 384
2023-09-29 15:15:56,552:DEBUG:ImageConvert:Image Buffer Length 7296
2023-09-29 15:15:56,593:DEBUG:ImageConvert:C:\Users\YEZHIK\Downloads\Dover Production LOGO APP (3)\Dover Production LOGO APP\logo_print_main\LOGO Generator\5-E-Nayara Logo.bmp
2023-09-29 15:15:56,594:DEBUG:ImageConvert:height: 184 Width: 384
2023-09-29 15:15:56,625:DEBUG:ImageConvert:Image Buffer Length 8832
2023-09-29 15:15:56,675:DEBUG:ImageConvert:C:\Users\YEZHIK\Downloads\Dover Production LOGO APP (3)\Dover Production LOGO APP\logo_print_main\LOGO Generator\6-Reliance Logo.bmp
2023-09-29 15:15:56,676:DEBUG:ImageConvert:height: 136 Width: 384
2023-09-29 15:15:56,705:DEBUG:ImageConvert:Image Buffer Length 6528
2023-09-29 15:15:56,749:DEBUG:ImageConvert:C:\Users\YEZHIK\Downloads\Dover Production LOGO APP (3)\Dover Production LOGO APP\logo_print_main\LOGO Generator\7-L-HALDIA Logo.bmp
2023-09-29 15:15:56,750:DEBUG:ImageConvert:height: 104 Width: 384
2023-09-29 15:15:56,773:DEBUG:ImageConvert:Image Buffer Length 4992
2023-09-29 15:15:56,808:DEBUG:ImageConvert:C:\Users\YEZHIK\Downloads\Dover Production LOGO APP (3)\Dover Production LOGO APP\logo_print_main\LOGO Generator\8-Tokheim Logo_updated_quality.bmp
2023-09-29 15:15:56,809:DEBUG:ImageConvert:height: 104 Width: 384
2023-09-29 15:15:56,828:DEBUG:ImageConvert:Image Buffer Length 4992
2023-09-29 15:15:56,859:DEBUG:ImageConvert:C:\Users\YEZHIK\Downloads\Dover Production LOGO APP (3)\Dover Production LOGO APP\logo_print_main\LOGO Generator\9-DFS Logo.bmp
2023-09-29 15:15:56,860:DEBUG:ImageConvert:height: 120 Width: 384
2023-09-29 15:15:56,881:DEBUG:ImageConvert:Image Buffer Length 5760
2023-09-29 15:15:56,917:DEBUG:ImageConvert:C:\Users\YEZHIK\Downloads\Dover Production LOGO APP (3)\Dover Production LOGO APP\logo_print_main\LOGO Generator\91-C-Lanka IOC logo.bmp
2023-09-29 15:15:56,918:DEBUG:ImageConvert:height: 208 Width: 384
2023-09-29 15:15:56,955:DEBUG:ImageConvert:Image Buffer Length 9984
2023-09-29 15:15:57,028:DEBUG:ImageConvert:C:\Users\YEZHIK\Downloads\Dover Production LOGO APP (3)\Dover Production LOGO APP\logo_print_main\LOGO Generator\92-M-MRPL-HIQ logo.bmp
2023-09-29 15:15:57,029:DEBUG:ImageConvert:height: 112 Width: 384
2023-09-29 15:15:57,048:DEBUG:ImageConvert:Image Buffer Length 5376
